# JRE version: Java(TM) SE Runtime Environment (8.0_25-b17) (build 1.8.0_25-b17)
# Java VM: Java HotSpot(TM) 64-Bit Server VM (25.25-b02 mixed mode bsd-amd64 compressed oops)
Heap:
 PSYoungGen      total 38400K, used 3114K [0x000000072ab00000, 0x000000072d580000, 0x00000007c0000000)
  eden space 33280K, 9% used [0x000000072ab00000,0x000000072ae0ab68,0x000000072cb80000)
  from space 5120K, 0% used [0x000000072cb80000,0x000000072cb80000,0x000000072d080000)
  to   space 5120K, 0% used [0x000000072d080000,0x000000072d080000,0x000000072d580000)
 ParOldGen       total 4029952K, used 3384927K [0x0000000600000000, 0x00000006f5f80000, 0x000000072ab00000)
  object space 4029952K, 83% used [0x0000000600000000,0x00000006ce997e98,0x00000006f5f80000)
 Metaspace       used 14322K, capacity 14496K, committed 14848K, reserved 1062912K
  class space    used 1647K, capacity 1704K, committed 1792K, reserved 1048576K
GC Heap History (10 events):
Event: 70.651 GC heap before
{Heap before GC invocations=2 (full 1):
 PSYoungGen      total 38400K, used 5100K [0x000000072ab00000, 0x000000072d580000, 0x00000007c0000000)
  eden space 33280K, 0% used [0x000000072ab00000,0x000000072ab00000,0x000000072cb80000)
  from space 5120K, 99% used [0x000000072cb80000,0x000000072d07b390,0x000000072d080000)
  to   space 5120K, 0% used [0x000000072d080000,0x000000072d080000,0x000000072d580000)
 ParOldGen       total 1777152K, used 1692037K [0x0000000600000000, 0x000000066c780000, 0x000000072ab00000)
  object space 1777152K, 95% used [0x0000000600000000,0x0000000667461578,0x000000066c780000)
 Metaspace       used 14081K, capacity 14242K, committed 14464K, reserved 1062912K
  class space    used 1608K, capacity 1641K, committed 1664K, reserved 1048576K
Event: 70.769 GC heap after
Heap after GC invocations=2 (full 1):
 PSYoungGen      total 38400K, used 0K [0x000000072ab00000, 0x000000072d580000, 0x00000007c0000000)
  eden space 33280K, 0% used [0x000000072ab00000,0x000000072ab00000,0x000000072cb80000)
  from space 5120K, 0% used [0x000000072cb80000,0x000000072cb80000,0x000000072d080000)
  to   space 5120K, 0% used [0x000000072d080000,0x000000072d080000,0x000000072d580000)
 ParOldGen       total 1777152K, used 1697048K [0x0000000600000000, 0x000000066c780000, 0x000000072ab00000)
  object space 1777152K, 95% used [0x0000000600000000,0x0000000667946130,0x000000066c780000)
 Metaspace       used 14080K, capacity 14240K, committed 14464K, reserved 1062912K
  class space    used 1607K, capacity 1640K, committed 1664K, reserved 1048576K
}
Event: 87.415 GC heap before
{Heap before GC invocations=3 (full 1):
 PSYoungGen      total 38400K, used 4446K [0x000000072ab00000, 0x000000072d580000, 0x00000007c0000000)
  eden space 33280K, 13% used [0x000000072ab00000,0x000000072af57848,0x000000072cb80000)
  from space 5120K, 0% used [0x000000072cb80000,0x000000072cb80000,0x000000072d080000)
  to   space 5120K, 0% used [0x000000072d080000,0x000000072d080000,0x000000072d580000)
 ParOldGen       total 4029952K, used 3949674K [0x0000000600000000, 0x00000006f5f80000, 0x000000072ab00000)
  object space 4029952K, 98% used [0x0000000600000000,0x00000006f111a850,0x00000006f5f80000)
 Metaspace       used 14256K, capacity 14432K, committed 14592K, reserved 1062912K
  class space    used 1633K, capacity 1704K, committed 1792K, reserved 1048576K
Event: 87.433 GC heap after
Heap after GC invocations=3 (full 1):
 PSYoungGen      total 38400K, used 159K [0x000000072ab00000, 0x000000072d580000, 0x00000007c0000000)
  eden space 33280K, 0% used [0x000000072ab00000,0x000000072ab00000,0x000000072cb80000)
  from space 5120K, 3% used [0x000000072d080000,0x000000072d0a7f30,0x000000072d580000)
  to   space 5120K, 0% used [0x000000072cb80000,0x000000072cb80000,0x000000072d080000)
 ParOldGen       total 4029952K, used 3949682K [0x0000000600000000, 0x00000006f5f80000, 0x000000072ab00000)
  object space 4029952K, 98% used [0x0000000600000000,0x00000006f111c850,0x00000006f5f80000)
 Metaspace       used 14256K, capacity 14432K, committed 14592K, reserved 1062912K
  class space    used 1633K, capacity 1704K, committed 1792K, reserved 1048576K
}
Event: 87.433 GC heap before
{Heap before GC invocations=4 (full 2):
 PSYoungGen      total 38400K, used 159K [0x000000072ab00000, 0x000000072d580000, 0x00000007c0000000)
  eden space 33280K, 0% used [0x000000072ab00000,0x000000072ab00000,0x000000072cb80000)
  from space 5120K, 3% used [0x000000072d080000,0x000000072d0a7f30,0x000000072d580000)
  to   space 5120K, 0% used [0x000000072cb80000,0x000000072cb80000,0x000000072d080000)
 ParOldGen       total 4029952K, used 3949682K [0x0000000600000000, 0x00000006f5f80000, 0x000000072ab00000)
  object space 4029952K, 98% used [0x0000000600000000,0x00000006f111c850,0x00000006f5f80000)
 Metaspace       used 14256K, capacity 14432K, committed 14592K, reserved 1062912K
  class space    used 1633K, capacity 1704K, committed 1792K, reserved 1048576K
Event: 88.682 GC heap after
Heap after GC invocations=4 (full 2):
 PSYoungGen      total 38400K, used 0K [0x000000072ab00000, 0x000000072d580000, 0x00000007c0000000)
  eden space 33280K, 0% used [0x000000072ab00000,0x000000072ab00000,0x000000072cb80000)
  from space 5120K, 0% used [0x000000072d080000,0x000000072d080000,0x000000072d580000)
  to   space 5120K, 0% used [0x000000072cb80000,0x000000072cb80000,0x000000072d080000)
 ParOldGen       total 4029952K, used 3384983K [0x0000000600000000, 0x00000006f5f80000, 0x000000072ab00000)
  object space 4029952K, 83% used [0x0000000600000000,0x00000006ce9a5dd8,0x00000006f5f80000)
 Metaspace       used 14256K, capacity 14432K, committed 14592K, reserved 1062912K
  class space    used 1633K, capacity 1704K, committed 1792K, reserved 1048576K
}
Event: 91.926 GC heap before
{Heap before GC invocations=5 (full 2):
 PSYoungGen      total 38400K, used 1806K [0x000000072ab00000, 0x000000072d580000, 0x00000007c0000000)
  eden space 33280K, 5% used [0x000000072ab00000,0x000000072acc3950,0x000000072cb80000)
  from space 5120K, 0% used [0x000000072d080000,0x000000072d080000,0x000000072d580000)
  to   space 5120K, 0% used [0x000000072cb80000,0x000000072cb80000,0x000000072d080000)
 ParOldGen       total 4029952K, used 3384983K [0x0000000600000000, 0x00000006f5f80000, 0x000000072ab00000)
  object space 4029952K, 83% used [0x0000000600000000,0x00000006ce9a5dd8,0x00000006f5f80000)
 Metaspace       used 14257K, capacity 14432K, committed 14592K, reserved 1062912K
  class space    used 1633K, capacity 1704K, committed 1792K, reserved 1048576K
Event: 91.959 GC heap after
Heap after GC invocations=5 (full 2):
 PSYoungGen      total 38400K, used 64K [0x000000072ab00000, 0x000000072d580000, 0x00000007c0000000)
  eden space 33280K, 0% used [0x000000072ab00000,0x000000072ab00000,0x000000072cb80000)
  from space 5120K, 1% used [0x000000072cb80000,0x000000072cb90000,0x000000072d080000)
  to   space 5120K, 0% used [0x000000072d080000,0x000000072d080000,0x000000072d580000)
 ParOldGen       total 4029952K, used 3384983K [0x0000000600000000, 0x00000006f5f80000, 0x000000072ab00000)
  object space 4029952K, 83% used [0x0000000600000000,0x00000006ce9a5dd8,0x00000006f5f80000)
 Metaspace       used 14257K, capacity 14432K, committed 14592K, reserved 1062912K
  class space    used 1633K, capacity 1704K, committed 1792K, reserved 1048576K
}
Event: 91.960 GC heap before
{Heap before GC invocations=6 (full 3):
 PSYoungGen      total 38400K, used 64K [0x000000072ab00000, 0x000000072d580000, 0x00000007c0000000)
  eden space 33280K, 0% used [0x000000072ab00000,0x000000072ab00000,0x000000072cb80000)
  from space 5120K, 1% used [0x000000072cb80000,0x000000072cb90000,0x000000072d080000)
  to   space 5120K, 0% used [0x000000072d080000,0x000000072d080000,0x000000072d580000)
 ParOldGen       total 4029952K, used 3384983K [0x0000000600000000, 0x00000006f5f80000, 0x000000072ab00000)
  object space 4029952K, 83% used [0x0000000600000000,0x00000006ce9a5dd8,0x00000006f5f80000)
 Metaspace       used 14257K, capacity 14432K, committed 14592K, reserved 1062912K
  class space    used 1633K, capacity 1704K, committed 1792K, reserved 1048576K
Event: 92.947 GC heap after
Heap after GC invocations=6 (full 3):
 PSYoungGen      total 38400K, used 0K [0x000000072ab00000, 0x000000072d580000, 0x00000007c0000000)
  eden space 33280K, 0% used [0x000000072ab00000,0x000000072ab00000,0x000000072cb80000)
  from space 5120K, 0% used [0x000000072cb80000,0x000000072cb80000,0x000000072d080000)
  to   space 5120K, 0% used [0x000000072d080000,0x000000072d080000,0x000000072d580000)
 ParOldGen       total 4029952K, used 3384927K [0x0000000600000000, 0x00000006f5f80000, 0x000000072ab00000)
  object space 4029952K, 83% used [0x0000000600000000,0x00000006ce997e98,0x00000006f5f80000)
 Metaspace       used 14257K, capacity 14432K, committed 14592K, reserved 1062912K
  class space    used 1633K, capacity 1704K, committed 1792K, reserved 1048576K
}

