# JRE version: Java(TM) SE Runtime Environment (8.0_25-b17) (build 1.8.0_25-b17)
# Java VM: Java HotSpot(TM) 64-Bit Server VM (25.25-b02 mixed mode bsd-amd64 compressed oops)
Heap:
 PSYoungGen      total 38400K, used 4099K [0x000000072ab00000, 0x000000072d580000, 0x00000007c0000000)
  eden space 33280K, 12% used [0x000000072ab00000,0x000000072aef8c20,0x000000072cb80000)
  from space 5120K, 0% used [0x000000072d080000,0x000000072d088000,0x000000072d580000)
  to   space 5120K, 0% used [0x000000072cb80000,0x000000072cb80000,0x000000072d080000)
 ParOldGen       total 4029952K, used 3948414K [0x0000000600000000, 0x00000006f5f80000, 0x000000072ab00000)
  object space 4029952K, 97% used [0x0000000600000000,0x00000006f0fdf9c8,0x00000006f5f80000)
 Metaspace       used 14138K, capacity 14304K, committed 14592K, reserved 1062912K
  class space    used 1658K, capacity 1704K, committed 1792K, reserved 1048576K
GC Heap History (6 events):
Event: 47.705 GC heap before
{Heap before GC invocations=1 (full 0):
 PSYoungGen      total 38400K, used 27394K [0x000000072ab00000, 0x000000072d580000, 0x00000007c0000000)
  eden space 33280K, 82% used [0x000000072ab00000,0x000000072c5c0a80,0x000000072cb80000)
  from space 5120K, 0% used [0x000000072d080000,0x000000072d080000,0x000000072d580000)
  to   space 5120K, 0% used [0x000000072cb80000,0x000000072cb80000,0x000000072d080000)
 ParOldGen       total 1777152K, used 1689469K [0x0000000600000000, 0x000000066c780000, 0x000000072ab00000)
  object space 1777152K, 95% used [0x0000000600000000,0x00000006671df588,0x000000066c780000)
 Metaspace       used 13870K, capacity 14018K, committed 14336K, reserved 1062912K
  class space    used 1620K, capacity 1673K, committed 1792K, reserved 1048576K
Event: 47.731 GC heap after
Heap after GC invocations=1 (full 0):
 PSYoungGen      total 38400K, used 5110K [0x000000072ab00000, 0x000000072d580000, 0x00000007c0000000)
  eden space 33280K, 0% used [0x000000072ab00000,0x000000072ab00000,0x000000072cb80000)
  from space 5120K, 99% used [0x000000072cb80000,0x000000072d07d888,0x000000072d080000)
  to   space 5120K, 0% used [0x000000072d080000,0x000000072d080000,0x000000072d580000)
 ParOldGen       total 1777152K, used 1690841K [0x0000000600000000, 0x000000066c780000, 0x000000072ab00000)
  object space 1777152K, 95% used [0x0000000600000000,0x0000000667336558,0x000000066c780000)
 Metaspace       used 13870K, capacity 14018K, committed 14336K, reserved 1062912K
  class space    used 1620K, capacity 1673K, committed 1792K, reserved 1048576K
}
Event: 47.731 GC heap before
{Heap before GC invocations=2 (full 1):
 PSYoungGen      total 38400K, used 5110K [0x000000072ab00000, 0x000000072d580000, 0x00000007c0000000)
  eden space 33280K, 0% used [0x000000072ab00000,0x000000072ab00000,0x000000072cb80000)
  from space 5120K, 99% used [0x000000072cb80000,0x000000072d07d888,0x000000072d080000)
  to   space 5120K, 0% used [0x000000072d080000,0x000000072d080000,0x000000072d580000)
 ParOldGen       total 1777152K, used 1690841K [0x0000000600000000, 0x000000066c780000, 0x000000072ab00000)
  object space 1777152K, 95% used [0x0000000600000000,0x0000000667336558,0x000000066c780000)
 Metaspace       used 13870K, capacity 14018K, committed 14336K, reserved 1062912K
  class space    used 1620K, capacity 1673K, committed 1792K, reserved 1048576K
Event: 47.847 GC heap after
Heap after GC invocations=2 (full 1):
 PSYoungGen      total 38400K, used 0K [0x000000072ab00000, 0x000000072d580000, 0x00000007c0000000)
  eden space 33280K, 0% used [0x000000072ab00000,0x000000072ab00000,0x000000072cb80000)
  from space 5120K, 0% used [0x000000072cb80000,0x000000072cb80000,0x000000072d080000)
  to   space 5120K, 0% used [0x000000072d080000,0x000000072d080000,0x000000072d580000)
 ParOldGen       total 1777152K, used 1695780K [0x0000000600000000, 0x000000066c780000, 0x000000072ab00000)
  object space 1777152K, 95% used [0x0000000600000000,0x00000006678092a8,0x000000066c780000)
 Metaspace       used 13868K, capacity 14016K, committed 14336K, reserved 1062912K
  class space    used 1619K, capacity 1672K, committed 1792K, reserved 1048576K
}
Event: 53.640 GC heap before
{Heap before GC invocations=3 (full 1):
 PSYoungGen      total 38400K, used 2779K [0x000000072ab00000, 0x000000072d580000, 0x00000007c0000000)
  eden space 33280K, 8% used [0x000000072ab00000,0x000000072adb6db8,0x000000072cb80000)
  from space 5120K, 0% used [0x000000072cb80000,0x000000072cb80000,0x000000072d080000)
  to   space 5120K, 0% used [0x000000072d080000,0x000000072d080000,0x000000072d580000)
 ParOldGen       total 1777152K, used 1695780K [0x0000000600000000, 0x000000066c780000, 0x000000072ab00000)
  object space 1777152K, 95% used [0x0000000600000000,0x00000006678092a8,0x000000066c780000)
 Metaspace       used 13921K, capacity 14080K, committed 14336K, reserved 1062912K
  class space    used 1619K, capacity 1672K, committed 1792K, reserved 1048576K
Event: 53.655 GC heap after
Heap after GC invocations=3 (full 1):
 PSYoungGen      total 38400K, used 32K [0x000000072ab00000, 0x000000072d580000, 0x00000007c0000000)
  eden space 33280K, 0% used [0x000000072ab00000,0x000000072ab00000,0x000000072cb80000)
  from space 5120K, 0% used [0x000000072d080000,0x000000072d088000,0x000000072d580000)
  to   space 5120K, 0% used [0x000000072cb80000,0x000000072cb80000,0x000000072d080000)
 ParOldGen       total 1777152K, used 1695788K [0x0000000600000000, 0x000000066c780000, 0x000000072ab00000)
  object space 1777152K, 95% used [0x0000000600000000,0x000000066780b2a8,0x000000066c780000)
 Metaspace       used 13921K, capacity 14080K, committed 14336K, reserved 1062912K
  class space    used 1619K, capacity 1672K, committed 1792K, reserved 1048576K
}

